<?xml version="1.0" encoding="UTF-8"?>
<!-- Generated by org.testng.reporters.JUnitXMLReporter -->
<testsuite ignored="0" hostname="MININT-9BT7VOQ" failures="0" tests="5" name="Test" time="12.785" errors="0" timestamp="2022-01-30T09:14:06 PST">
  <testcase classname="com.sky.test.ApplicationTest" name="VerifyAstronomyPictureOfTheDayWithValidKey" time="8.42"/>
  <testcase classname="com.sky.test.ApplicationTest" name="VerifyAstronomyPictureOfTheDayWithInValidKey" time="0.585"/>
  <testcase classname="com.sky.test.ApplicationTest" name="VerifyAstronomyPictureOfTheDayWithInValidRequest" time="0.633"/>
  <testcase classname="com.sky.test.ApplicationTest" name="VerifyAstronomyPictureOfTheDayWithInValidDateFormat" time="0.763"/>
  <testcase classname="com.sky.test.ApplicationTest" name="VerifyAstronomyPictureOfTheDayWithInValidDate" time="0.544"/>
</testsuite> <!-- Test -->
